<?xml version="1.0" encoding="UTF-8"?>
<!-- Generated by org.testng.reporters.JUnitXMLReporter -->
<testsuite ignored="0" hostname="Legion-5" failures="0" tests="3" name="Data Driven Tests - JSON" time="3.985" errors="0" timestamp="2026-04-22T15:52:08 IST">
  <testcase classname="com.portfolio.tests.DataDrivenUserTest" name="createMultipleUsers" time="1.386"/>
  <testcase classname="com.portfolio.tests.DataDrivenUserTest" name="createMultipleUsers" time="1.287"/>
  <testcase classname="com.portfolio.tests.DataDrivenUserTest" name="createMultipleUsers" time="1.291"/>
</testsuite> <!-- Data Driven Tests - JSON -->
