<?xml version="1.0" encoding="UTF-8"?>
<!-- Generated by org.testng.reporters.JUnitXMLReporter -->
<testsuite ignored="0" hostname="Legion-5" failures="0" tests="3" name="Data Driven Tests - Excel" time="4.669" errors="0" timestamp="2026-04-22T15:52:12 IST">
  <testcase classname="com.portfolio.tests.ExcelDrivenUserTest" name="createUsersFromExcel" time="1.347"/>
  <testcase classname="com.portfolio.tests.ExcelDrivenUserTest" name="createUsersFromExcel" time="1.383"/>
  <testcase classname="com.portfolio.tests.ExcelDrivenUserTest" name="createUsersFromExcel" time="1.175"/>
</testsuite> <!-- Data Driven Tests - Excel -->
