<?xml version="1.0" encoding="UTF-8"?>
<!-- Generated by org.testng.reporters.JUnitXMLReporter -->
<testsuite ignored="0" hostname="Legion-5" failures="0" tests="3" name="Data Driven User Tests" time="4.555" errors="0" timestamp="2026-04-22T14:30:37 IST">
  <testcase classname="com.portfolio.tests.DataDrivenUserTest" name="createMultipleUsers" time="1.693"/>
  <testcase classname="com.portfolio.tests.DataDrivenUserTest" name="createMultipleUsers" time="1.417"/>
  <testcase classname="com.portfolio.tests.DataDrivenUserTest" name="createMultipleUsers" time="1.403"/>
</testsuite> <!-- Data Driven User Tests -->
