<?xml version="1.0" encoding="UTF-8"?>
<!-- Generated by org.testng.reporters.JUnitXMLReporter -->
<testsuite ignored="0" hostname="Legion-5" failures="0" tests="3" name="Get User Tests" time="4.945" errors="0" timestamp="2026-04-22T15:52:00 IST">
  <testcase classname="com.portfolio.tests.GetUserTest" name="getAllUsers" time="2.789"/>
  <testcase classname="com.portfolio.tests.GetUserTest" name="getUserById" time="1.459"/>
  <testcase classname="com.portfolio.tests.GetUserTest" name="getUserWithInvalidId" time="0.556"/>
</testsuite> <!-- Get User Tests -->
