<?xml version="1.0" encoding="UTF-8"?>
<!-- Generated by org.testng.reporters.JUnitXMLReporter -->
<testsuite ignored="0" hostname="Legion-5" failures="0" tests="5" name="User CRUD Flow" time="3.659" errors="0" timestamp="2026-04-22T15:52:04 IST">
  <testcase classname="com.portfolio.tests.UserFlowTest" name="createUser" time="1.058"/>
  <testcase classname="com.portfolio.tests.UserFlowTest" name="getCreatedUser" time="0.613"/>
  <testcase classname="com.portfolio.tests.UserFlowTest" name="updateCreatedUser" time="0.676"/>
  <testcase classname="com.portfolio.tests.UserFlowTest" name="deleteCreatedUser" time="0.61"/>
  <testcase classname="com.portfolio.tests.UserFlowTest" name="verifyUserDeleted" time="0.679"/>
</testsuite> <!-- User CRUD Flow -->
