<?xml version="1.0" encoding="UTF-8"?>
<testsuite xmlns:xsi="http://www.w3.org/2001/XMLSchema-instance" xsi:noNamespaceSchemaLocation="https://maven.apache.org/surefire/maven-surefire-plugin/xsd/surefire-test-report-3.0.xsd" version="3.0" name="TestSuite" time="19.593" tests="14" errors="0" skipped="0" failures="0">
  <properties>
[...]
</properties>
  <testcase name="getAllUsers" classname="com.portfolio.tests.GetUserTest" time="2.879">
    <system-out><![CDATA[Request method:	GET
Request URI:	https://gorest.co.in/public/v2/users
Proxy:			<none>
Request params:	<none>
Query params:	<none>
Form params:	<none>
Path params:	<none>
Headers:		Authorization=Bearer 8f61dea728a8238ccf90f085464f578c5baa368b3b8d388135329a444a965918
				Accept=*/*
				Content-Type=application/json
Cookies:		<none>
Multiparts:		<none>
Body:			<none>
First User: Anal Saini
]]></system-out>
    <system-err><![CDATA[SLF4J: Failed to load class "org.slf4j.impl.StaticLoggerBinder".
SLF4J: Defaulting to no-operation (NOP) logger implementation
SLF4J: See http://www.slf4j.org/codes.html#StaticLoggerBinder for further details.
]]></system-err>
  </testcase>
  <testcase name="getUserById" classname="com.portfolio.tests.GetUserTest" time="1.457">
    <system-out><![CDATA[Request method:	GET
Request URI:	https://gorest.co.in/public/v2/users
Proxy:			<none>
Request params:	<none>
Query params:	<none>
Form params:	<none>
Path params:	<none>
Headers:		Authorization=Bearer 8f61dea728a8238ccf90f085464f578c5baa368b3b8d388135329a444a965918
				Accept=*/*
				Content-Type=application/json
Cookies:		<none>
Multiparts:		<none>
Body:			<none>
Request method:	GET
Request URI:	https://gorest.co.in/public/v2/users/8445056
Proxy:			<none>
Request params:	<none>
Query params:	<none>
Form params:	<none>
Path params:	id=8445056
Headers:		Authorization=Bearer 8f61dea728a8238ccf90f085464f578c5baa368b3b8d388135329a444a965918
				Accept=*/*
				Content-Type=application/json
Cookies:		<none>
Multiparts:		<none>
Body:			<none>
]]></system-out>
  </testcase>
  <testcase name="getUserWithInvalidId" classname="com.portfolio.tests.GetUserTest" time="0.556">
    <system-out><![CDATA[Request method:	GET
Request URI:	https://gorest.co.in/public/v2/users/9999999
Proxy:			<none>
Request params:	<none>
Query params:	<none>
Form params:	<none>
Path params:	id=9999999
Headers:		Authorization=Bearer 8f61dea728a8238ccf90f085464f578c5baa368b3b8d388135329a444a965918
				Accept=*/*
				Content-Type=application/json
Cookies:		<none>
Multiparts:		<none>
Body:			<none>
]]></system-out>
  </testcase>
  <testcase name="createUser" classname="com.portfolio.tests.UserFlowTest" time="1.057">
    <system-out><![CDATA[Request method:	POST
Request URI:	https://gorest.co.in/public/v2/users
Proxy:			<none>
Request params:	<none>
Query params:	<none>
Form params:	<none>
Path params:	<none>
Headers:		Authorization=Bearer 8f61dea728a8238ccf90f085464f578c5baa368b3b8d388135329a444a965918
				Accept=*/*
				Content-Type=application/json
Cookies:		<none>
Multiparts:		<none>
Body:
{
    "name": "Joshiv Kumar",
    "email": "joshiv1776853320371@test.com",
    "gender": "male",
    "status": "active"
}
✓ Created User ID  : 8446225
]]></system-out>
  </testcase>
  <testcase name="getCreatedUser" classname="com.portfolio.tests.UserFlowTest" time="0.615">
    <system-out><![CDATA[Request method:	GET
Request URI:	https://gorest.co.in/public/v2/users/8446225
Proxy:			<none>
Request params:	<none>
Query params:	<none>
Form params:	<none>
Path params:	id=8446225
Headers:		Authorization=Bearer 8f61dea728a8238ccf90f085464f578c5baa368b3b8d388135329a444a965918
				Accept=*/*
				Content-Type=application/json
Cookies:		<none>
Multiparts:		<none>
Body:			<none>
]]></system-out>
  </testcase>
  <testcase name="updateCreatedUser" classname="com.portfolio.tests.UserFlowTest" time="0.684">
    <system-out><![CDATA[Request method:	PUT
Request URI:	https://gorest.co.in/public/v2/users/8446225
Proxy:			<none>
Request params:	<none>
Query params:	<none>
Form params:	<none>
Path params:	id=8446225
Headers:		Authorization=Bearer 8f61dea728a8238ccf90f085464f578c5baa368b3b8d388135329a444a965918
				Accept=*/*
				Content-Type=application/json
Cookies:		<none>
Multiparts:		<none>
Body:
{
    "name": "Joshiv Kumar Updated",
    "email": "joshiv.updated1776853322045@test.com",
    "gender": "male",
    "status": "inactive"
}
]]></system-out>
  </testcase>
  <testcase name="deleteCreatedUser" classname="com.portfolio.tests.UserFlowTest" time="0.612">
    <system-out><![CDATA[Request method:	DELETE
Request URI:	https://gorest.co.in/public/v2/users/8446225
Proxy:			<none>
Request params:	<none>
Query params:	<none>
Form params:	<none>
Path params:	id=8446225
Headers:		Authorization=Bearer 8f61dea728a8238ccf90f085464f578c5baa368b3b8d388135329a444a965918
				Accept=*/*
				Content-Type=application/json
Cookies:		<none>
Multiparts:		<none>
Body:			<none>
]]></system-out>
  </testcase>
  <testcase name="verifyUserDeleted" classname="com.portfolio.tests.UserFlowTest" time="0.686">
    <system-out><![CDATA[Request method:	GET
Request URI:	https://gorest.co.in/public/v2/users/8446225
Proxy:			<none>
Request params:	<none>
Query params:	<none>
Form params:	<none>
Path params:	id=8446225
Headers:		Authorization=Bearer 8f61dea728a8238ccf90f085464f578c5baa368b3b8d388135329a444a965918
				Accept=*/*
				Content-Type=application/json
Cookies:		<none>
Multiparts:		<none>
Body:			<none>
]]></system-out>
  </testcase>
  <testcase name="createMultipleUsers[[Ljava.lang.String;@21c34bf8](1)" classname="com.portfolio.tests.DataDrivenUserTest" time="1.392">
    <system-out><![CDATA[
--- Testing with user: Aisha Sharma ---
Request method:	POST
Request URI:	https://gorest.co.in/public/v2/users
Proxy:			<none>
Request params:	<none>
Query params:	<none>
Form params:	<none>
Path params:	<none>
Headers:		Authorization=Bearer 8f61dea728a8238ccf90f085464f578c5baa368b3b8d388135329a444a965918
				Accept=*/*
				Content-Type=application/json
Cookies:		<none>
Multiparts:		<none>
Body:
{
    "name": "Aisha Sharma",
    "email": "aisha.sharma1776853324076@test.com",
    "gender": "female",
    "status": "active"
}
âœ“ Created: Aisha Sharma with ID: 8446226
Request method:	DELETE
Request URI:	https://gorest.co.in/public/v2/users/8446226
Proxy:			<none>
Request params:	<none>
Query params:	<none>
Form params:	<none>
Path params:	id=8446226
Headers:		Authorization=Bearer 8f61dea728a8238ccf90f085464f578c5baa368b3b8d388135329a444a965918
				Accept=*/*
				Content-Type=application/json
Cookies:		<none>
Multiparts:		<none>
Body:			<none>
âœ“ Cleaned up user ID: 8446226
]]></system-out>
  </testcase>
  <testcase name="createMultipleUsers[[Ljava.lang.String;@1b485c8b](2)" classname="com.portfolio.tests.DataDrivenUserTest" time="1.287">
    <system-out><![CDATA[
--- Testing with user: Rahul Verma ---
Request method:	POST
Request URI:	https://gorest.co.in/public/v2/users
Proxy:			<none>
Request params:	<none>
Query params:	<none>
Form params:	<none>
Path params:	<none>
Headers:		Authorization=Bearer 8f61dea728a8238ccf90f085464f578c5baa368b3b8d388135329a444a965918
				Accept=*/*
				Content-Type=application/json
Cookies:		<none>
Multiparts:		<none>
Body:
{
    "name": "Rahul Verma",
    "email": "rahul.verma1776853324076@test.com",
    "gender": "male",
    "status": "active"
}
âœ“ Created: Rahul Verma with ID: 8446227
Request method:	DELETE
Request URI:	https://gorest.co.in/public/v2/users/8446227
Proxy:			<none>
Request params:	<none>
Query params:	<none>
Form params:	<none>
Path params:	id=8446227
Headers:		Authorization=Bearer 8f61dea728a8238ccf90f085464f578c5baa368b3b8d388135329a444a965918
				Accept=*/*
				Content-Type=application/json
Cookies:		<none>
Multiparts:		<none>
Body:			<none>
âœ“ Cleaned up user ID: 8446227
]]></system-out>
  </testcase>
  <testcase name="createMultipleUsers[[Ljava.lang.String;@7286827b](3)" classname="com.portfolio.tests.DataDrivenUserTest" time="1.291">
    <system-out><![CDATA[
--- Testing with user: Priya Singh ---
Request method:	POST
Request URI:	https://gorest.co.in/public/v2/users
Proxy:			<none>
Request params:	<none>
Query params:	<none>
Form params:	<none>
Path params:	<none>
Headers:		Authorization=Bearer 8f61dea728a8238ccf90f085464f578c5baa368b3b8d388135329a444a965918
				Accept=*/*
				Content-Type=application/json
Cookies:		<none>
Multiparts:		<none>
Body:
{
    "name": "Priya Singh",
    "email": "priya.singh1776853324076@test.com",
    "gender": "female",
    "status": "inactive"
}
âœ“ Created: Priya Singh with ID: 8446228
Request method:	DELETE
Request URI:	https://gorest.co.in/public/v2/users/8446228
Proxy:			<none>
Request params:	<none>
Query params:	<none>
Form params:	<none>
Path params:	id=8446228
Headers:		Authorization=Bearer 8f61dea728a8238ccf90f085464f578c5baa368b3b8d388135329a444a965918
				Accept=*/*
				Content-Type=application/json
Cookies:		<none>
Multiparts:		<none>
Body:			<none>
âœ“ Cleaned up user ID: 8446228
]]></system-out>
  </testcase>
  <testcase name="createUsersFromExcel[[Ljava.lang.String;@6f1163f7](1)" classname="com.portfolio.tests.ExcelDrivenUserTest" time="1.347">
    <system-out><![CDATA[
--- [Excel] Testing with user: Amit Patel ---
Request method:	POST
Request URI:	https://gorest.co.in/public/v2/users
Proxy:			<none>
Request params:	<none>
Query params:	<none>
Form params:	<none>
Path params:	<none>
Headers:		Authorization=Bearer 8f61dea728a8238ccf90f085464f578c5baa368b3b8d388135329a444a965918
				Accept=*/*
				Content-Type=application/json
Cookies:		<none>
Multiparts:		<none>
Body:
{
    "name": "Amit Patel",
    "email": "amit.patel1776853328857@test.com",
    "gender": "male",
    "status": "active"
}
âœ“ [Excel] Created: Amit Patel with ID: 8446229
Request method:	DELETE
Request URI:	https://gorest.co.in/public/v2/users/8446229
Proxy:			<none>
Request params:	<none>
Query params:	<none>
Form params:	<none>
Path params:	id=8446229
Headers:		Authorization=Bearer 8f61dea728a8238ccf90f085464f578c5baa368b3b8d388135329a444a965918
				Accept=*/*
				Content-Type=application/json
Cookies:		<none>
Multiparts:		<none>
Body:			<none>
âœ“ [Excel] Cleaned up user ID: 8446229
]]></system-out>
    <system-err><![CDATA[ERROR StatusLogger Log4j2 could not find a logging implementation. Please add log4j-core to the classpath. Using SimpleLogger to log to the console...
]]></system-err>
  </testcase>
  <testcase name="createUsersFromExcel[[Ljava.lang.String;@8e77c5b](2)" classname="com.portfolio.tests.ExcelDrivenUserTest" time="1.388">
    <system-out><![CDATA[
--- [Excel] Testing with user: Sneha Roa ---
Request method:	POST
Request URI:	https://gorest.co.in/public/v2/users
Proxy:			<none>
Request params:	<none>
Query params:	<none>
Form params:	<none>
Path params:	<none>
Headers:		Authorization=Bearer 8f61dea728a8238ccf90f085464f578c5baa368b3b8d388135329a444a965918
				Accept=*/*
				Content-Type=application/json
Cookies:		<none>
Multiparts:		<none>
Body:
{
    "name": "Sneha Roa",
    "email": "sneha.rao1776853328857@test.com",
    "gender": "female",
    "status": "active"
}
âœ“ [Excel] Created: Sneha Roa with ID: 8446230
Request method:	DELETE
Request URI:	https://gorest.co.in/public/v2/users/8446230
Proxy:			<none>
Request params:	<none>
Query params:	<none>
Form params:	<none>
Path params:	id=8446230
Headers:		Authorization=Bearer 8f61dea728a8238ccf90f085464f578c5baa368b3b8d388135329a444a965918
				Accept=*/*
				Content-Type=application/json
Cookies:		<none>
Multiparts:		<none>
Body:			<none>
âœ“ [Excel] Cleaned up user ID: 8446230
]]></system-out>
  </testcase>
  <testcase name="createUsersFromExcel[[Ljava.lang.String;@3b6c740b](3)" classname="com.portfolio.tests.ExcelDrivenUserTest" time="1.175">
    <system-out><![CDATA[
--- [Excel] Testing with user: Virkram Das ---
Request method:	POST
Request URI:	https://gorest.co.in/public/v2/users
Proxy:			<none>
Request params:	<none>
Query params:	<none>
Form params:	<none>
Path params:	<none>
Headers:		Authorization=Bearer 8f61dea728a8238ccf90f085464f578c5baa368b3b8d388135329a444a965918
				Accept=*/*
				Content-Type=application/json
Cookies:		<none>
Multiparts:		<none>
Body:
{
    "name": "Virkram Das",
    "email": "vikram.das1776853328857@test.com",
    "gender": "male",
    "status": "inactive"
}
âœ“ [Excel] Created: Virkram Das with ID: 8446231
Request method:	DELETE
Request URI:	https://gorest.co.in/public/v2/users/8446231
Proxy:			<none>
Request params:	<none>
Query params:	<none>
Form params:	<none>
Path params:	id=8446231
Headers:		Authorization=Bearer 8f61dea728a8238ccf90f085464f578c5baa368b3b8d388135329a444a965918
				Accept=*/*
				Content-Type=application/json
Cookies:		<none>
Multiparts:		<none>
Body:			<none>
âœ“ [Excel] Cleaned up user ID: 8446231
]]></system-out>
  </testcase>
</testsuite>