<?xml version="1.0" encoding="UTF-8"?>
<testng-results ignored="0" total="14" passed="14" failed="0" skipped="0">
  <reporter-output>
  </reporter-output>
  <suite started-at="2026-04-22T15:51:55 IST" name="RestAssured Portfolio Suite" finished-at="2026-04-22T15:52:12 IST" duration-ms="17749">
    <groups>
    </groups>
    <test started-at="2026-04-22T15:51:55 IST" name="Get User Tests" finished-at="2026-04-22T15:51:59 IST" duration-ms="4945">
      <class name="com.portfolio.tests.GetUserTest">
        <test-method signature="getAllUsers()[pri:0, instance:com.portfolio.tests.GetUserTest@7a362b6b]" started-at="2026-04-22T15:51:55 IST" name="getAllUsers" finished-at="2026-04-22T15:51:57 IST" duration-ms="2789" status="PASS">
          <reporter-output>
          </reporter-output>
        </test-method> <!-- getAllUsers -->
        <test-method signature="getUserById()[pri:0, instance:com.portfolio.tests.GetUserTest@7a362b6b]" started-at="2026-04-22T15:51:57 IST" name="getUserById" finished-at="2026-04-22T15:51:59 IST" duration-ms="1459" status="PASS">
          <reporter-output>
          </reporter-output>
        </test-method> <!-- getUserById -->
        <test-method signature="getUserWithInvalidId()[pri:0, instance:com.portfolio.tests.GetUserTest@7a362b6b]" started-at="2026-04-22T15:51:59 IST" name="getUserWithInvalidId" finished-at="2026-04-22T15:51:59 IST" duration-ms="556" status="PASS">
          <reporter-output>
          </reporter-output>
        </test-method> <!-- getUserWithInvalidId -->
      </class> <!-- com.portfolio.tests.GetUserTest -->
    </test> <!-- Get User Tests -->
    <test started-at="2026-04-22T15:52:00 IST" name="User CRUD Flow" finished-at="2026-04-22T15:52:04 IST" duration-ms="3659">
      <class name="com.portfolio.tests.UserFlowTest">
        <test-method signature="createUser()[pri:1, instance:com.portfolio.tests.UserFlowTest@58be6e8]" started-at="2026-04-22T15:52:00 IST" name="createUser" finished-at="2026-04-22T15:52:01 IST" duration-ms="1058" status="PASS">
          <reporter-output>
          </reporter-output>
        </test-method> <!-- createUser -->
        <test-method signature="getCreatedUser()[pri:2, instance:com.portfolio.tests.UserFlowTest@58be6e8]" started-at="2026-04-22T15:52:01 IST" name="getCreatedUser" finished-at="2026-04-22T15:52:02 IST" depends-on-methods="com.portfolio.tests.UserFlowTest.createUser" duration-ms="613" status="PASS">
          <reporter-output>
          </reporter-output>
        </test-method> <!-- getCreatedUser -->
        <test-method signature="updateCreatedUser()[pri:3, instance:com.portfolio.tests.UserFlowTest@58be6e8]" started-at="2026-04-22T15:52:02 IST" name="updateCreatedUser" finished-at="2026-04-22T15:52:02 IST" depends-on-methods="com.portfolio.tests.UserFlowTest.createUser" duration-ms="676" status="PASS">
          <reporter-output>
          </reporter-output>
        </test-method> <!-- updateCreatedUser -->
        <test-method signature="deleteCreatedUser()[pri:4, instance:com.portfolio.tests.UserFlowTest@58be6e8]" started-at="2026-04-22T15:52:02 IST" name="deleteCreatedUser" finished-at="2026-04-22T15:52:03 IST" depends-on-methods="com.portfolio.tests.UserFlowTest.createUser" duration-ms="610" status="PASS">
          <reporter-output>
          </reporter-output>
        </test-method> <!-- deleteCreatedUser -->
        <test-method signature="verifyUserDeleted()[pri:5, instance:com.portfolio.tests.UserFlowTest@58be6e8]" started-at="2026-04-22T15:52:03 IST" name="verifyUserDeleted" finished-at="2026-04-22T15:52:04 IST" depends-on-methods="com.portfolio.tests.UserFlowTest.deleteCreatedUser" duration-ms="679" status="PASS">
          <reporter-output>
          </reporter-output>
        </test-method> <!-- verifyUserDeleted -->
      </class> <!-- com.portfolio.tests.UserFlowTest -->
    </test> <!-- User CRUD Flow -->
    <test started-at="2026-04-22T15:52:04 IST" name="Data Driven Tests - JSON" finished-at="2026-04-22T15:52:08 IST" duration-ms="3985">
      <class name="com.portfolio.tests.DataDrivenUserTest">
        <test-method signature="createMultipleUsers([Ljava.lang.String;)[pri:0, instance:com.portfolio.tests.DataDrivenUserTest@29ca3d04]" started-at="2026-04-22T15:52:04 IST" name="createMultipleUsers" data-provider="userData" finished-at="2026-04-22T15:52:05 IST" duration-ms="1386" status="PASS">
          <params>
            <param index="0">
              <value>
                <![CDATA[[Ljava.lang.String;@21c34bf8]]>
              </value>
            </param>
          </params>
          <reporter-output>
          </reporter-output>
        </test-method> <!-- createMultipleUsers -->
        <test-method signature="createMultipleUsers([Ljava.lang.String;)[pri:0, instance:com.portfolio.tests.DataDrivenUserTest@29ca3d04]" started-at="2026-04-22T15:52:05 IST" name="createMultipleUsers" data-provider="userData" finished-at="2026-04-22T15:52:06 IST" duration-ms="1287" status="PASS">
          <params>
            <param index="0">
              <value>
                <![CDATA[[Ljava.lang.String;@1b485c8b]]>
              </value>
            </param>
          </params>
          <reporter-output>
          </reporter-output>
        </test-method> <!-- createMultipleUsers -->
        <test-method signature="createMultipleUsers([Ljava.lang.String;)[pri:0, instance:com.portfolio.tests.DataDrivenUserTest@29ca3d04]" started-at="2026-04-22T15:52:06 IST" name="createMultipleUsers" data-provider="userData" finished-at="2026-04-22T15:52:08 IST" duration-ms="1291" status="PASS">
          <params>
            <param index="0">
              <value>
                <![CDATA[[Ljava.lang.String;@7286827b]]>
              </value>
            </param>
          </params>
          <reporter-output>
          </reporter-output>
        </test-method> <!-- createMultipleUsers -->
      </class> <!-- com.portfolio.tests.DataDrivenUserTest -->
    </test> <!-- Data Driven Tests - JSON -->
    <test started-at="2026-04-22T15:52:08 IST" name="Data Driven Tests - Excel" finished-at="2026-04-22T15:52:12 IST" duration-ms="4669">
      <class name="com.portfolio.tests.ExcelDrivenUserTest">
        <test-method is-config="true" signature="setUp()[pri:0, instance:com.portfolio.tests.ExcelDrivenUserTest@1a20270e]" started-at="2026-04-22T15:51:54 IST" name="setUp" finished-at="2026-04-22T15:51:55 IST" duration-ms="656" status="PASS">
          <reporter-output>
          </reporter-output>
        </test-method> <!-- setUp -->
        <test-method signature="createUsersFromExcel([Ljava.lang.String;)[pri:0, instance:com.portfolio.tests.ExcelDrivenUserTest@1a20270e]" started-at="2026-04-22T15:52:08 IST" name="createUsersFromExcel" data-provider="excelUserData" finished-at="2026-04-22T15:52:10 IST" duration-ms="1347" status="PASS">
          <params>
            <param index="0">
              <value>
                <![CDATA[[Ljava.lang.String;@6f1163f7]]>
              </value>
            </param>
          </params>
          <reporter-output>
          </reporter-output>
        </test-method> <!-- createUsersFromExcel -->
        <test-method signature="createUsersFromExcel([Ljava.lang.String;)[pri:0, instance:com.portfolio.tests.ExcelDrivenUserTest@1a20270e]" started-at="2026-04-22T15:52:10 IST" name="createUsersFromExcel" data-provider="excelUserData" finished-at="2026-04-22T15:52:11 IST" duration-ms="1383" status="PASS">
          <params>
            <param index="0">
              <value>
                <![CDATA[[Ljava.lang.String;@8e77c5b]]>
              </value>
            </param>
          </params>
          <reporter-output>
          </reporter-output>
        </test-method> <!-- createUsersFromExcel -->
        <test-method signature="createUsersFromExcel([Ljava.lang.String;)[pri:0, instance:com.portfolio.tests.ExcelDrivenUserTest@1a20270e]" started-at="2026-04-22T15:52:11 IST" name="createUsersFromExcel" data-provider="excelUserData" finished-at="2026-04-22T15:52:12 IST" duration-ms="1175" status="PASS">
          <params>
            <param index="0">
              <value>
                <![CDATA[[Ljava.lang.String;@3b6c740b]]>
              </value>
            </param>
          </params>
          <reporter-output>
          </reporter-output>
        </test-method> <!-- createUsersFromExcel -->
      </class> <!-- com.portfolio.tests.ExcelDrivenUserTest -->
    </test> <!-- Data Driven Tests - Excel -->
  </suite> <!-- RestAssured Portfolio Suite -->
</testng-results>
