<?xml version="1.0" encoding="UTF-8"?>
<!-- Generated by org.testng.reporters.JUnitReportReporter -->
<testsuite hostname="Legion-5" failures="0" tests="3" name="com.portfolio.tests.GetUserTest" time="4.804" errors="0" timestamp="2026-04-22T15:52:12 IST" skipped="0">
  <testcase classname="com.portfolio.tests.GetUserTest" name="getAllUsers" time="2.789"/>
  <testcase classname="com.portfolio.tests.GetUserTest" name="getUserById" time="1.459"/>
  <testcase classname="com.portfolio.tests.GetUserTest" name="getUserWithInvalidId" time="0.556"/>
</testsuite> <!-- com.portfolio.tests.GetUserTest -->
