<?xml version="1.0" encoding="UTF-8"?>
<!-- Generated by org.testng.reporters.JUnitReportReporter -->
<testsuite hostname="Legion-5" failures="0" tests="3" name="com.portfolio.tests.DataDrivenUserTest" time="3.964" errors="0" timestamp="2026-04-22T15:52:12 IST" skipped="0">
  <testcase classname="com.portfolio.tests.DataDrivenUserTest" name="createMultipleUsers" time="1.291"/>
  <testcase classname="com.portfolio.tests.DataDrivenUserTest" name="createMultipleUsers" time="1.386"/>
  <testcase classname="com.portfolio.tests.DataDrivenUserTest" name="createMultipleUsers" time="1.287"/>
</testsuite> <!-- com.portfolio.tests.DataDrivenUserTest -->
