<?xml version="1.0" encoding="UTF-8"?>
<!-- Generated by org.testng.reporters.JUnitReportReporter -->
<testsuite hostname="Legion-5" failures="0" tests="5" name="com.portfolio.tests.UserFlowTest" time="3.636" errors="0" timestamp="2026-04-22T15:52:12 IST" skipped="0">
  <testcase classname="com.portfolio.tests.UserFlowTest" name="createUser" time="1.058"/>
  <testcase classname="com.portfolio.tests.UserFlowTest" name="getCreatedUser" time="0.613"/>
  <testcase classname="com.portfolio.tests.UserFlowTest" name="updateCreatedUser" time="0.676"/>
  <testcase classname="com.portfolio.tests.UserFlowTest" name="deleteCreatedUser" time="0.610"/>
  <testcase classname="com.portfolio.tests.UserFlowTest" name="verifyUserDeleted" time="0.679"/>
</testsuite> <!-- com.portfolio.tests.UserFlowTest -->
